<?xml version="1.0" encoding="UTF-8"?>
<!-- Generated by org.testng.reporters.JUnitReportReporter -->
<testsuite skipped="0" hostname="Atimis-MacBook-Pro.local" name="com.automation.tests.EnterDetailsInRegistrationScreen" tests="1" failures="0" timestamp="21 Jul 2018 13:02:29 GMT" time="23.665" errors="0">
  <testcase name="enterDetails" time="23.665" classname="com.automation.tests.EnterDetailsInRegistrationScreen"/>
</testsuite> <!-- com.automation.tests.EnterDetailsInRegistrationScreen -->
